
--------------------------------------------------
TXLib соболезнует...

Программа: D:\Козлов Кирилл\игра\--main\bin\Debug\Игрунька.exe, файл: c:\codeblocks\codeblocks\mingw\include\txlib.h, строка: 13628, функция: bool {anonymous}::TX::txBitBlt(HDC, double, double, double, double, HDC, double, double, unsigned int),

Сообщение: Параметр "sourceImage" неверен. Возможно, этот холст не создан, или уже уничтожен, или не загрузилась картинка.

#1: TXLib [Ver: 00173a, Rev: 171, Date: 2022-07-23 02:08:28 +0400], Instance: 0x004F42FC (32-bit), Flags: CMdRe0, Thread: 0x3B48 (Main), GetLastError(): 13 (Недопустимые данные). 

--------------------------------------------------
Стек вызовов:

# 0 0x00416409 in D:\Козлов Кирилл\игра\--main\bin\Debug\Игрунька.exe: txBitBlt() at c:/codeblocks/codeblocks/mingw/include/txlib.h (13628)

# 1 0x0041C9EA in D:\Козлов Кирилл\игра\--main\bin\Debug\Игрунька.exe: main() at D:/Козлов Кирилл/игра/--main/main.cpp (53):

     51:         txSetFillColor(TX_BLACK);
     52:         txClear();
=>   53:         txBitBlt(txDC(),xL,yL,4860,2896,location);
     54:         txBegin();
     55:         txSetFillColor (TX_WHITE);

--------------------------------------------------
Developed with:

The Dumb Artist Library (TX Library)
TXLib [Ver: 00173a, Rev: 171, Date: 2022-07-23 02:08:28 +0400]
Copyright (C) Ded (Ilya Dedinsky, http://txlib.ru) <mail@txlib.ru>
See license on: http://txlib.ru

TXLib file:	c:\codeblocks\codeblocks\mingw\include\txlib.h
Compiled:	Jan 26 2024 17:50:25, GNU g++ 4.8.1, std=201103L, MinGW Runtime 3.20, 32-bit, Debug
Started:	Jan 26 2024 17:50:47

Run file:	D:\Козлов Кирилл\игра\--main\bin\Debug\Игрунька.exe
Directory:	D:\Козлов Кирилл\игра\--main

--------------------------------------------------

--------------------------------------------------
TXLib соболезнует...

Программа: D:\Козлов Кирилл\игра\--main\bin\Debug\Игрунька.exe, файл: c:\codeblocks\codeblocks\mingw\include\txlib.h, строка: 13628, функция: bool {anonymous}::TX::txBitBlt(HDC, double, double, double, double, HDC, double, double, unsigned int),

Сообщение: Параметр "sourceImage" неверен. Возможно, этот холст не создан, или уже уничтожен, или не загрузилась картинка.

#1: TXLib [Ver: 00173a, Rev: 171, Date: 2022-07-23 02:08:28 +0400], Instance: 0x004F42FC (32-bit), Flags: CMdRe0, Thread: 0x280C (Main), GetLastError(): 13 (Недопустимые данные). 

--------------------------------------------------
Стек вызовов:

# 0 0x00416409 in D:\Козлов Кирилл\игра\--main\bin\Debug\Игрунька.exe: txBitBlt() at c:/codeblocks/codeblocks/mingw/include/txlib.h (13628)

# 1 0x0041C8BC in D:\Козлов Кирилл\игра\--main\bin\Debug\Игрунька.exe: main() at D:/Козлов Кирилл/игра/--main/main.cpp (48):

     46:         txSetFillColor(TX_BLACK);
     47:         txClear();
=>   48:         txBitBlt(txDC(),xL,yL,4860,2896,location);
     49:         txBegin();
     50:         txSetFillColor (TX_WHITE);

--------------------------------------------------
Developed with:

The Dumb Artist Library (TX Library)
TXLib [Ver: 00173a, Rev: 171, Date: 2022-07-23 02:08:28 +0400]
Copyright (C) Ded (Ilya Dedinsky, http://txlib.ru) <mail@txlib.ru>
See license on: http://txlib.ru

TXLib file:	c:\codeblocks\codeblocks\mingw\include\txlib.h
Compiled:	Jan 26 2024 17:54:21, GNU g++ 4.8.1, std=201103L, MinGW Runtime 3.20, 32-bit, Debug
Started:	Jan 26 2024 17:54:42

Run file:	D:\Козлов Кирилл\игра\--main\bin\Debug\Игрунька.exe
Directory:	D:\Козлов Кирилл\игра\--main

--------------------------------------------------

--------------------------------------------------
TXLib соболезнует...

Программа: D:\Козлов Кирилл\игра\--main\bin\Debug\Игрунька.exe, файл: c:\codeblocks\codeblocks\mingw\include\txlib.h, строка: 13628, функция: bool {anonymous}::TX::txBitBlt(HDC, double, double, double, double, HDC, double, double, unsigned int),

Сообщение: Параметр "sourceImage" неверен. Возможно, этот холст не создан, или уже уничтожен, или не загрузилась картинка.

#1: TXLib [Ver: 00173a, Rev: 171, Date: 2022-07-23 02:08:28 +0400], Instance: 0x004F42FC (32-bit), Flags: CMdRe0, Thread: 0x22E4 (Main), GetLastError(): 13 (Недопустимые данные). 

--------------------------------------------------
Стек вызовов:

# 0 0x00416409 in D:\Козлов Кирилл\игра\--main\bin\Debug\Игрунька.exe: txBitBlt() at c:/codeblocks/codeblocks/mingw/include/txlib.h (13628)

# 1 0x0041C8BC in D:\Козлов Кирилл\игра\--main\bin\Debug\Игрунька.exe: main() at D:/Козлов Кирилл/игра/--main/main.cpp (48):

     46:         txSetFillColor(TX_BLACK);
     47:         txClear();
=>   48:         txBitBlt(txDC(),xL,yL,4860,2896,location);
     49:         txBegin();
     50:         txSetFillColor (TX_WHITE);

--------------------------------------------------
Developed with:

The Dumb Artist Library (TX Library)
TXLib [Ver: 00173a, Rev: 171, Date: 2022-07-23 02:08:28 +0400]
Copyright (C) Ded (Ilya Dedinsky, http://txlib.ru) <mail@txlib.ru>
See license on: http://txlib.ru

TXLib file:	c:\codeblocks\codeblocks\mingw\include\txlib.h
Compiled:	Jan 26 2024 18:01:16, GNU g++ 4.8.1, std=201103L, MinGW Runtime 3.20, 32-bit, Debug
Started:	Jan 26 2024 18:01:38

Run file:	D:\Козлов Кирилл\игра\--main\bin\Debug\Игрунька.exe
Directory:	D:\Козлов Кирилл\игра\--main

--------------------------------------------------

--------------------------------------------------
TXLib соболезнует...

Программа: D:\Козлов Кирилл\игра\--main\bin\Debug\Игрунька.exe, файл: c:\codeblocks\codeblocks\mingw\include\txlib.h, строка: 13628, функция: bool {anonymous}::TX::txBitBlt(HDC, double, double, double, double, HDC, double, double, unsigned int),

Сообщение: Параметр "sourceImage" неверен. Возможно, этот холст не создан, или уже уничтожен, или не загрузилась картинка.

#1: TXLib [Ver: 00173a, Rev: 171, Date: 2022-07-23 02:08:28 +0400], Instance: 0x004F42FC (32-bit), Flags: CMdRe0, Thread: 0x668 (Main), GetLastError(): 13 (Недопустимые данные). 

--------------------------------------------------
Стек вызовов:

# 0 0x00416409 in D:\Козлов Кирилл\игра\--main\bin\Debug\Игрунька.exe: txBitBlt() at c:/codeblocks/codeblocks/mingw/include/txlib.h (13628)

# 1 0x0041C8BC in D:\Козлов Кирилл\игра\--main\bin\Debug\Игрунька.exe: main() at D:/Козлов Кирилл/игра/--main/main.cpp (48):

     46:         txSetFillColor(TX_BLACK);
     47:         txClear();
=>   48:         txBitBlt(txDC(),xL,yL,4860,2896,location);
     49:         txBegin();
     50:         txSetFillColor (TX_WHITE);

--------------------------------------------------
Developed with:

The Dumb Artist Library (TX Library)
TXLib [Ver: 00173a, Rev: 171, Date: 2022-07-23 02:08:28 +0400]
Copyright (C) Ded (Ilya Dedinsky, http://txlib.ru) <mail@txlib.ru>
See license on: http://txlib.ru

TXLib file:	c:\codeblocks\codeblocks\mingw\include\txlib.h
Compiled:	Jan 26 2024 18:01:16, GNU g++ 4.8.1, std=201103L, MinGW Runtime 3.20, 32-bit, Debug
Started:	Jan 26 2024 18:04:30

Run file:	D:\Козлов Кирилл\игра\--main\bin\Debug\Игрунька.exe
Directory:	D:\Козлов Кирилл\игра\--main

--------------------------------------------------

--------------------------------------------------
TXLib соболезнует...

Программа: D:\Козлов Кирилл\игра\--main\bin\Debug\Игрунька.exe, файл: c:\codeblocks\codeblocks\mingw\include\txlib.h, строка: 13628, функция: bool {anonymous}::TX::txBitBlt(HDC, double, double, double, double, HDC, double, double, unsigned int),

Сообщение: Параметр "sourceImage" неверен. Возможно, этот холст не создан, или уже уничтожен, или не загрузилась картинка.

#1: TXLib [Ver: 00173a, Rev: 171, Date: 2022-07-23 02:08:28 +0400], Instance: 0x004F42FC (32-bit), Flags: CMdRe0, Thread: 0x286C (Main), GetLastError(): 13 (Недопустимые данные). 

--------------------------------------------------
Стек вызовов:

# 0 0x00416409 in D:\Козлов Кирилл\игра\--main\bin\Debug\Игрунька.exe: txBitBlt() at c:/codeblocks/codeblocks/mingw/include/txlib.h (13628)

# 1 0x0041C8BC in D:\Козлов Кирилл\игра\--main\bin\Debug\Игрунька.exe: main() at D:/Козлов Кирилл/игра/--main/main.cpp (48):

     46:         txSetFillColor(TX_BLACK);
     47:         txClear();
=>   48:         txBitBlt(txDC(),xL,yL,4860,2896,location);
     49:         txBegin();
     50:         txSetFillColor (TX_WHITE);

--------------------------------------------------
Developed with:

The Dumb Artist Library (TX Library)
TXLib [Ver: 00173a, Rev: 171, Date: 2022-07-23 02:08:28 +0400]
Copyright (C) Ded (Ilya Dedinsky, http://txlib.ru) <mail@txlib.ru>
See license on: http://txlib.ru

TXLib file:	c:\codeblocks\codeblocks\mingw\include\txlib.h
Compiled:	Jan 26 2024 18:01:16, GNU g++ 4.8.1, std=201103L, MinGW Runtime 3.20, 32-bit, Debug
Started:	Jan 26 2024 18:04:37

Run file:	D:\Козлов Кирилл\игра\--main\bin\Debug\Игрунька.exe
Directory:	D:\Козлов Кирилл\игра\--main

--------------------------------------------------

--------------------------------------------------
TXLib соболезнует...

Программа: D:\Козлов Кирилл\игра\--main\bin\Debug\Игрунька.exe, файл: c:\codeblocks\codeblocks\mingw\include\txlib.h, строка: 13628, функция: bool {anonymous}::TX::txBitBlt(HDC, double, double, double, double, HDC, double, double, unsigned int),

Сообщение: Параметр "sourceImage" неверен. Возможно, этот холст не создан, или уже уничтожен, или не загрузилась картинка.

#1: TXLib [Ver: 00173a, Rev: 171, Date: 2022-07-23 02:08:28 +0400], Instance: 0x004F42FC (32-bit), Flags: CMdRe0, Thread: 0x548 (Main), GetLastError(): 13 (Недопустимые данные). 

--------------------------------------------------
Стек вызовов:

# 0 0x00416409 in D:\Козлов Кирилл\игра\--main\bin\Debug\Игрунька.exe: txBitBlt() at c:/codeblocks/codeblocks/mingw/include/txlib.h (13628)

# 1 0x0041C8BC in D:\Козлов Кирилл\игра\--main\bin\Debug\Игрунька.exe: main() at D:/Козлов Кирилл/игра/--main/main.cpp (48):

     46:         txSetFillColor(TX_BLACK);
     47:         txClear();
=>   48:         txBitBlt(txDC(),xL,yL,4860,2896,location);
     49:         txBegin();
     50:         txSetFillColor (TX_WHITE);

--------------------------------------------------
Developed with:

The Dumb Artist Library (TX Library)
TXLib [Ver: 00173a, Rev: 171, Date: 2022-07-23 02:08:28 +0400]
Copyright (C) Ded (Ilya Dedinsky, http://txlib.ru) <mail@txlib.ru>
See license on: http://txlib.ru

TXLib file:	c:\codeblocks\codeblocks\mingw\include\txlib.h
Compiled:	Jan 26 2024 18:22:52, GNU g++ 4.8.1, std=201103L, MinGW Runtime 3.20, 32-bit, Debug
Started:	Jan 26 2024 18:23:13

Run file:	D:\Козлов Кирилл\игра\--main\bin\Debug\Игрунька.exe
Directory:	D:\Козлов Кирилл\игра\--main

--------------------------------------------------

--------------------------------------------------
TXLib соболезнует...

Программа: D:\Козлов Кирилл\игра\--main\bin\Debug\Игрунька.exe, файл: c:\codeblocks\codeblocks\mingw\include\txlib.h, строка: 13628, функция: bool {anonymous}::TX::txBitBlt(HDC, double, double, double, double, HDC, double, double, unsigned int),

Сообщение: Параметр "sourceImage" неверен. Возможно, этот холст не создан, или уже уничтожен, или не загрузилась картинка.

#1: TXLib [Ver: 00173a, Rev: 171, Date: 2022-07-23 02:08:28 +0400], Instance: 0x004F42FC (32-bit), Flags: CMdRe0, Thread: 0x2D38 (Main), GetLastError(): 13 (Недопустимые данные). 

--------------------------------------------------
Стек вызовов:

# 0 0x00416409 in D:\Козлов Кирилл\игра\--main\bin\Debug\Игрунька.exe: txBitBlt() at c:/codeblocks/codeblocks/mingw/include/txlib.h (13628)

# 1 0x0041C8BC in D:\Козлов Кирилл\игра\--main\bin\Debug\Игрунька.exe: main() at D:/Козлов Кирилл/игра/--main/main.cpp (48):

     46:         txSetFillColor(TX_BLACK);
     47:         txClear();
=>   48:         txBitBlt(txDC(),xL,yL,4860,2896,location);
     49:         txBegin();
     50:         txSetFillColor (TX_WHITE);

--------------------------------------------------
Developed with:

The Dumb Artist Library (TX Library)
TXLib [Ver: 00173a, Rev: 171, Date: 2022-07-23 02:08:28 +0400]
Copyright (C) Ded (Ilya Dedinsky, http://txlib.ru) <mail@txlib.ru>
See license on: http://txlib.ru

TXLib file:	c:\codeblocks\codeblocks\mingw\include\txlib.h
Compiled:	Jan 26 2024 18:23:46, GNU g++ 4.8.1, std=201103L, MinGW Runtime 3.20, 32-bit, Debug
Started:	Jan 26 2024 18:24:07

Run file:	D:\Козлов Кирилл\игра\--main\bin\Debug\Игрунька.exe
Directory:	D:\Козлов Кирилл\игра\--main

--------------------------------------------------

--------------------------------------------------
TXLib соболезнует...

Программа: D:\Козлов Кирилл\игра\--main\bin\Debug\Игрунька.exe, файл: c:\codeblocks\codeblocks\mingw\include\txlib.h, строка: 13628, функция: bool {anonymous}::TX::txBitBlt(HDC, double, double, double, double, HDC, double, double, unsigned int),

Сообщение: Параметр "sourceImage" неверен. Возможно, этот холст не создан, или уже уничтожен, или не загрузилась картинка.

#1: TXLib [Ver: 00173a, Rev: 171, Date: 2022-07-23 02:08:28 +0400], Instance: 0x004F42FC (32-bit), Flags: CMdRe0, Thread: 0x7E0 (Main), GetLastError(): 13 (Недопустимые данные). 

--------------------------------------------------
Стек вызовов:

# 0 0x00416409 in D:\Козлов Кирилл\игра\--main\bin\Debug\Игрунька.exe: txBitBlt() at c:/codeblocks/codeblocks/mingw/include/txlib.h (13628)

# 1 0x0041C8BC in D:\Козлов Кирилл\игра\--main\bin\Debug\Игрунька.exe: main() at D:/Козлов Кирилл/игра/--main/main.cpp (48):

     46:         txSetFillColor(TX_BLACK);
     47:         txClear();
=>   48:         txBitBlt(txDC(),xL,yL,4860,2896,location);
     49:         txBegin();
     50:         txSetFillColor (TX_WHITE);

--------------------------------------------------
Developed with:

The Dumb Artist Library (TX Library)
TXLib [Ver: 00173a, Rev: 171, Date: 2022-07-23 02:08:28 +0400]
Copyright (C) Ded (Ilya Dedinsky, http://txlib.ru) <mail@txlib.ru>
See license on: http://txlib.ru

TXLib file:	c:\codeblocks\codeblocks\mingw\include\txlib.h
Compiled:	Jan 26 2024 18:25:28, GNU g++ 4.8.1, std=201103L, MinGW Runtime 3.20, 32-bit, Debug
Started:	Jan 26 2024 18:25:49

Run file:	D:\Козлов Кирилл\игра\--main\bin\Debug\Игрунька.exe
Directory:	D:\Козлов Кирилл\игра\--main

--------------------------------------------------

--------------------------------------------------
TXLib соболезнует...

Программа: D:\Козлов Кирилл\игра\--main\bin\Debug\Игрунька.exe, файл: c:\codeblocks\codeblocks\mingw\include\txlib.h, строка: 13628, функция: bool {anonymous}::TX::txBitBlt(HDC, double, double, double, double, HDC, double, double, unsigned int),

Сообщение: Параметр "sourceImage" неверен. Возможно, этот холст не создан, или уже уничтожен, или не загрузилась картинка.

#1: TXLib [Ver: 00173a, Rev: 171, Date: 2022-07-23 02:08:28 +0400], Instance: 0x004F42FC (32-bit), Flags: CMdRe0, Thread: 0x3A10 (Main), GetLastError(): 13 (Недопустимые данные). 

--------------------------------------------------
Стек вызовов:

# 0 0x00416409 in D:\Козлов Кирилл\игра\--main\bin\Debug\Игрунька.exe: txBitBlt() at c:/codeblocks/codeblocks/mingw/include/txlib.h (13628)

# 1 0x0041C8BC in D:\Козлов Кирилл\игра\--main\bin\Debug\Игрунька.exe: main() at D:/Козлов Кирилл/игра/--main/main.cpp (48):

     46:         txSetFillColor(TX_BLACK);
     47:         txClear();
=>   48:         txBitBlt(txDC(),xL,yL,4860,2896,location);
     49:         txBegin();
     50:         txSetFillColor (TX_WHITE);

--------------------------------------------------
Developed with:

The Dumb Artist Library (TX Library)
TXLib [Ver: 00173a, Rev: 171, Date: 2022-07-23 02:08:28 +0400]
Copyright (C) Ded (Ilya Dedinsky, http://txlib.ru) <mail@txlib.ru>
See license on: http://txlib.ru

TXLib file:	c:\codeblocks\codeblocks\mingw\include\txlib.h
Compiled:	Jan 26 2024 18:31:24, GNU g++ 4.8.1, std=201103L, MinGW Runtime 3.20, 32-bit, Debug
Started:	Jan 26 2024 18:31:46

Run file:	D:\Козлов Кирилл\игра\--main\bin\Debug\Игрунька.exe
Directory:	D:\Козлов Кирилл\игра\--main

--------------------------------------------------

--------------------------------------------------
TXLib соболезнует...

Программа: D:\Козлов Кирилл\игра\--main\bin\Debug\Игрунька.exe, файл: c:\codeblocks\codeblocks\mingw\include\txlib.h, строка: 13628, функция: bool {anonymous}::TX::txBitBlt(HDC, double, double, double, double, HDC, double, double, unsigned int),

Сообщение: Параметр "sourceImage" неверен. Возможно, этот холст не создан, или уже уничтожен, или не загрузилась картинка.

#1: TXLib [Ver: 00173a, Rev: 171, Date: 2022-07-23 02:08:28 +0400], Instance: 0x004F42FC (32-bit), Flags: CMdRe0, Thread: 0x3EB8 (Main), GetLastError(): 13 (Недопустимые данные). 

--------------------------------------------------
Стек вызовов:

# 0 0x00416409 in D:\Козлов Кирилл\игра\--main\bin\Debug\Игрунька.exe: txBitBlt() at c:/codeblocks/codeblocks/mingw/include/txlib.h (13628)

# 1 0x0041C8BC in D:\Козлов Кирилл\игра\--main\bin\Debug\Игрунька.exe: main() at D:/Козлов Кирилл/игра/--main/main.cpp (48):

     46:         txSetFillColor(TX_BLACK);
     47:         txClear();
=>   48:         txBitBlt(txDC(),xL,yL,4860,2896,location);
     49:         txBegin();
     50:         txSetFillColor (TX_WHITE);

--------------------------------------------------
Developed with:

The Dumb Artist Library (TX Library)
TXLib [Ver: 00173a, Rev: 171, Date: 2022-07-23 02:08:28 +0400]
Copyright (C) Ded (Ilya Dedinsky, http://txlib.ru) <mail@txlib.ru>
See license on: http://txlib.ru

TXLib file:	c:\codeblocks\codeblocks\mingw\include\txlib.h
Compiled:	Jan 26 2024 18:31:24, GNU g++ 4.8.1, std=201103L, MinGW Runtime 3.20, 32-bit, Debug
Started:	Jan 26 2024 18:34:55

Run file:	D:\Козлов Кирилл\игра\--main\bin\Debug\Игрунька.exe
Directory:	D:\Козлов Кирилл\игра\--main

--------------------------------------------------

--------------------------------------------------
TXLib соболезнует...

Программа: D:\Козлов Кирилл\игра\--main\bin\Debug\Игрунька.exe, файл: c:\codeblocks\codeblocks\mingw\include\txlib.h, строка: 13628, функция: bool {anonymous}::TX::txBitBlt(HDC, double, double, double, double, HDC, double, double, unsigned int),

Сообщение: Параметр "sourceImage" неверен. Возможно, этот холст не создан, или уже уничтожен, или не загрузилась картинка.

#1: TXLib [Ver: 00173a, Rev: 171, Date: 2022-07-23 02:08:28 +0400], Instance: 0x004F42FC (32-bit), Flags: CMdRe0, Thread: 0x3F28 (Main), GetLastError(): 13 (Недопустимые данные). 

--------------------------------------------------
Стек вызовов:

# 0 0x00416409 in D:\Козлов Кирилл\игра\--main\bin\Debug\Игрунька.exe: txBitBlt() at c:/codeblocks/codeblocks/mingw/include/txlib.h (13628)

# 1 0x0041C8BC in D:\Козлов Кирилл\игра\--main\bin\Debug\Игрунька.exe: main() at D:/Козлов Кирилл/игра/--main/main.cpp (48):

     46:         txSetFillColor(TX_BLACK);
     47:         txClear();
=>   48:         txBitBlt(txDC(),xL,yL,4860,2896,location);
     49:         txBegin();
     50:         txSetFillColor (TX_WHITE);

--------------------------------------------------
Developed with:

The Dumb Artist Library (TX Library)
TXLib [Ver: 00173a, Rev: 171, Date: 2022-07-23 02:08:28 +0400]
Copyright (C) Ded (Ilya Dedinsky, http://txlib.ru) <mail@txlib.ru>
See license on: http://txlib.ru

TXLib file:	c:\codeblocks\codeblocks\mingw\include\txlib.h
Compiled:	Feb  2 2024 17:10:53, GNU g++ 4.8.1, std=201103L, MinGW Runtime 3.20, 32-bit, Debug
Started:	Feb 02 2024 17:11:19

Run file:	D:\Козлов Кирилл\игра\--main\bin\Debug\Игрунька.exe
Directory:	D:\Козлов Кирилл\игра\--main

--------------------------------------------------
